<?xml version="1.0" encoding="UTF-8"?>
<!-- Generated by org.testng.reporters.JUnitXMLReporter -->
<testsuite hostname="SD-201704251531" name="Default test" tests="11" failures="0" timestamp="10 Jul 2017 10:03:47 GMT" time="174.562" errors="0">
  <testcase name="testloginByProviderData" time="2.063" classname="com.TestngDemo001.test.LoginTest"/>
  <testcase name="testLuckWheelRecords" time="0.989" classname="com.TestngDemo001.test.LoginTest"/>
  <testcase name="testLuckWheelRecords" time="0.964" classname="com.TestngDemo001.test.LoginTest"/>
  <testcase name="testLuckWheelRecords" time="4.675" classname="com.TestngDemo001.test.LoginTest"/>
  <testcase name="testLuckWheelRecords" time="3.143" classname="com.TestngDemo001.test.LoginTest"/>
  <testcase name="testLuckWheelRecords" time="11.47" classname="com.TestngDemo001.test.LoginTest"/>
  <testcase name="testLuckWheelRecords" time="1.248" classname="com.TestngDemo001.test.LoginTest"/>
  <testcase name="testLuckWheelRecords" time="0.957" classname="com.TestngDemo001.test.LoginTest"/>
  <testcase name="testLuckWheelRecords" time="6.293" classname="com.TestngDemo001.test.LoginTest"/>
  <testcase name="testLuckWheelRecords" time="6.884" classname="com.TestngDemo001.test.LoginTest"/>
  <testcase name="testLuckWheelRecords" time="3.165" classname="com.TestngDemo001.test.LoginTest"/>
</testsuite> <!-- Default test -->
