<?xml version="1.0" encoding="UTF-8"?>
<testng-results skipped="0" failed="0" total="11" passed="11">
  <reporter-output>
  </reporter-output>
  <suite name="Default suite" duration-ms="174562" started-at="2017-07-10T10:00:52Z" finished-at="2017-07-10T10:03:46Z">
    <groups>
    </groups>
    <test name="Default test" duration-ms="174562" started-at="2017-07-10T10:00:52Z" finished-at="2017-07-10T10:03:46Z">
      <class name="com.TestngDemo001.test.LoginTest">
        <test-method status="PASS" signature="setUp()[pri:0, instance:com.TestngDemo001.test.LoginTest@18be83e4]" name="setUp" is-config="true" duration-ms="14336" started-at="2017-07-10T18:00:52Z" finished-at="2017-07-10T18:01:06Z">
          <reporter-output>
          </reporter-output>
        </test-method> <!-- setUp -->
        <test-method status="PASS" signature="testloginByProviderData(java.lang.String, java.lang.String)[pri:0, instance:com.TestngDemo001.test.LoginTest@18be83e4]" name="testloginByProviderData" duration-ms="2063" started-at="2017-07-10T18:01:06Z" data-provider="Authentication" finished-at="2017-07-10T18:01:08Z">
          <params>
            <param index="0">
              <value>
                <![CDATA[tina@163.com]]>
              </value>
            </param>
            <param index="1">
              <value>
                <![CDATA[123456]]>
              </value>
            </param>
          </params>
          <reporter-output>
          </reporter-output>
        </test-method> <!-- testloginByProviderData -->
        <test-method status="PASS" signature="setUp()[pri:0, instance:com.TestngDemo001.test.LoginTest@18be83e4]" name="setUp" is-config="true" duration-ms="5211" started-at="2017-07-10T18:01:08Z" finished-at="2017-07-10T18:01:14Z">
          <reporter-output>
          </reporter-output>
        </test-method> <!-- setUp -->
        <test-method status="PASS" signature="testLuckWheelRecords()[pri:0, instance:com.TestngDemo001.test.LoginTest@18be83e4]" name="testLuckWheelRecords" duration-ms="989" started-at="2017-07-10T18:01:14Z" depends-on-methods="com.TestngDemo001.test.LoginTest.testloginByProviderData" finished-at="2017-07-10T18:01:15Z">
          <reporter-output>
          </reporter-output>
        </test-method> <!-- testLuckWheelRecords -->
        <test-method status="PASS" signature="setUp()[pri:0, instance:com.TestngDemo001.test.LoginTest@18be83e4]" name="setUp" is-config="true" duration-ms="5671" started-at="2017-07-10T18:01:15Z" finished-at="2017-07-10T18:01:20Z">
          <reporter-output>
          </reporter-output>
        </test-method> <!-- setUp -->
        <test-method status="PASS" signature="testLuckWheelRecords()[pri:0, instance:com.TestngDemo001.test.LoginTest@18be83e4]" name="testLuckWheelRecords" duration-ms="964" started-at="2017-07-10T18:01:20Z" depends-on-methods="com.TestngDemo001.test.LoginTest.testloginByProviderData" finished-at="2017-07-10T18:01:21Z">
          <reporter-output>
          </reporter-output>
        </test-method> <!-- testLuckWheelRecords -->
        <test-method status="PASS" signature="setUp()[pri:0, instance:com.TestngDemo001.test.LoginTest@18be83e4]" name="setUp" is-config="true" duration-ms="71372" started-at="2017-07-10T18:01:21Z" finished-at="2017-07-10T18:02:33Z">
          <reporter-output>
          </reporter-output>
        </test-method> <!-- setUp -->
        <test-method status="PASS" signature="testLuckWheelRecords()[pri:0, instance:com.TestngDemo001.test.LoginTest@18be83e4]" name="testLuckWheelRecords" duration-ms="4675" started-at="2017-07-10T18:02:33Z" depends-on-methods="com.TestngDemo001.test.LoginTest.testloginByProviderData" finished-at="2017-07-10T18:02:37Z">
          <reporter-output>
          </reporter-output>
        </test-method> <!-- testLuckWheelRecords -->
        <test-method status="PASS" signature="setUp()[pri:0, instance:com.TestngDemo001.test.LoginTest@18be83e4]" name="setUp" is-config="true" duration-ms="8457" started-at="2017-07-10T18:02:37Z" finished-at="2017-07-10T18:02:46Z">
          <reporter-output>
          </reporter-output>
        </test-method> <!-- setUp -->
        <test-method status="PASS" signature="testLuckWheelRecords()[pri:0, instance:com.TestngDemo001.test.LoginTest@18be83e4]" name="testLuckWheelRecords" duration-ms="3143" started-at="2017-07-10T18:02:46Z" depends-on-methods="com.TestngDemo001.test.LoginTest.testloginByProviderData" finished-at="2017-07-10T18:02:49Z">
          <reporter-output>
          </reporter-output>
        </test-method> <!-- testLuckWheelRecords -->
        <test-method status="PASS" signature="setUp()[pri:0, instance:com.TestngDemo001.test.LoginTest@18be83e4]" name="setUp" is-config="true" duration-ms="5754" started-at="2017-07-10T18:02:49Z" finished-at="2017-07-10T18:02:55Z">
          <reporter-output>
          </reporter-output>
        </test-method> <!-- setUp -->
        <test-method status="PASS" signature="testLuckWheelRecords()[pri:0, instance:com.TestngDemo001.test.LoginTest@18be83e4]" name="testLuckWheelRecords" duration-ms="11470" started-at="2017-07-10T18:02:55Z" depends-on-methods="com.TestngDemo001.test.LoginTest.testloginByProviderData" finished-at="2017-07-10T18:03:06Z">
          <reporter-output>
          </reporter-output>
        </test-method> <!-- testLuckWheelRecords -->
        <test-method status="PASS" signature="setUp()[pri:0, instance:com.TestngDemo001.test.LoginTest@18be83e4]" name="setUp" is-config="true" duration-ms="4607" started-at="2017-07-10T18:03:06Z" finished-at="2017-07-10T18:03:11Z">
          <reporter-output>
          </reporter-output>
        </test-method> <!-- setUp -->
        <test-method status="PASS" signature="testLuckWheelRecords()[pri:0, instance:com.TestngDemo001.test.LoginTest@18be83e4]" name="testLuckWheelRecords" duration-ms="1248" started-at="2017-07-10T18:03:11Z" depends-on-methods="com.TestngDemo001.test.LoginTest.testloginByProviderData" finished-at="2017-07-10T18:03:12Z">
          <reporter-output>
          </reporter-output>
        </test-method> <!-- testLuckWheelRecords -->
        <test-method status="PASS" signature="setUp()[pri:0, instance:com.TestngDemo001.test.LoginTest@18be83e4]" name="setUp" is-config="true" duration-ms="2504" started-at="2017-07-10T18:03:12Z" finished-at="2017-07-10T18:03:14Z">
          <reporter-output>
          </reporter-output>
        </test-method> <!-- setUp -->
        <test-method status="PASS" signature="testLuckWheelRecords()[pri:0, instance:com.TestngDemo001.test.LoginTest@18be83e4]" name="testLuckWheelRecords" duration-ms="957" started-at="2017-07-10T18:03:14Z" depends-on-methods="com.TestngDemo001.test.LoginTest.testloginByProviderData" finished-at="2017-07-10T18:03:15Z">
          <reporter-output>
          </reporter-output>
        </test-method> <!-- testLuckWheelRecords -->
        <test-method status="PASS" signature="setUp()[pri:0, instance:com.TestngDemo001.test.LoginTest@18be83e4]" name="setUp" is-config="true" duration-ms="2830" started-at="2017-07-10T18:03:15Z" finished-at="2017-07-10T18:03:18Z">
          <reporter-output>
          </reporter-output>
        </test-method> <!-- setUp -->
        <test-method status="PASS" signature="testLuckWheelRecords()[pri:0, instance:com.TestngDemo001.test.LoginTest@18be83e4]" name="testLuckWheelRecords" duration-ms="6293" started-at="2017-07-10T18:03:18Z" depends-on-methods="com.TestngDemo001.test.LoginTest.testloginByProviderData" finished-at="2017-07-10T18:03:25Z">
          <reporter-output>
          </reporter-output>
        </test-method> <!-- testLuckWheelRecords -->
        <test-method status="PASS" signature="setUp()[pri:0, instance:com.TestngDemo001.test.LoginTest@18be83e4]" name="setUp" is-config="true" duration-ms="1392" started-at="2017-07-10T18:03:25Z" finished-at="2017-07-10T18:03:26Z">
          <reporter-output>
          </reporter-output>
        </test-method> <!-- setUp -->
        <test-method status="PASS" signature="testLuckWheelRecords()[pri:0, instance:com.TestngDemo001.test.LoginTest@18be83e4]" name="testLuckWheelRecords" duration-ms="6884" started-at="2017-07-10T18:03:26Z" depends-on-methods="com.TestngDemo001.test.LoginTest.testloginByProviderData" finished-at="2017-07-10T18:03:33Z">
          <reporter-output>
          </reporter-output>
        </test-method> <!-- testLuckWheelRecords -->
        <test-method status="PASS" signature="setUp()[pri:0, instance:com.TestngDemo001.test.LoginTest@18be83e4]" name="setUp" is-config="true" duration-ms="10542" started-at="2017-07-10T18:03:33Z" finished-at="2017-07-10T18:03:43Z">
          <reporter-output>
          </reporter-output>
        </test-method> <!-- setUp -->
        <test-method status="PASS" signature="testLuckWheelRecords()[pri:0, instance:com.TestngDemo001.test.LoginTest@18be83e4]" name="testLuckWheelRecords" duration-ms="3165" started-at="2017-07-10T18:03:43Z" depends-on-methods="com.TestngDemo001.test.LoginTest.testloginByProviderData" finished-at="2017-07-10T18:03:46Z">
          <reporter-output>
          </reporter-output>
        </test-method> <!-- testLuckWheelRecords -->
      </class> <!-- com.TestngDemo001.test.LoginTest -->
    </test> <!-- Default test -->
  </suite> <!-- Default suite -->
</testng-results>
