<?xml version="1.0" encoding="UTF-8"?>
<!-- Generated by org.testng.reporters.JUnitXMLReporter -->
<testsuite hostname="SD-201704251531" name="Test" tests="8" failures="3" timestamp="28 Jun 2017 07:27:54 GMT" time="0.399" errors="0">
  <testcase name="test001" time="0.006" classname="com.TestngDemo001.test.ExtentReportDemo002"/>
  <testcase name="test002" time="0.001" classname="com.TestngDemo001.test.ExtentReportDemo002"/>
  <testcase name="test003" time="0.001" classname="com.TestngDemo001.test.ExtentReportDemo002">
    <failure type="java.lang.AssertionError" message="expected [abc] but found [abb]">
      <![CDATA[java.lang.AssertionError: expected [abc] but found [abb]
	at com.TestngDemo001.test.ExtentReportDemo002.test003(ExtentReportDemo002.java:49)
... Removed 29 stack frames]]>
    </failure>
  </testcase> <!-- test003 -->
  <testcase name="test004" time="0.001" classname="com.TestngDemo001.test.ExtentReportDemo002"/>
  <testcase name="test001" time="0.001" classname="com.TestngDemo001.test.ExtentReportDemo003">
    <failure type="java.lang.AssertionError" message="expected [acc] but found [abc]">
      <![CDATA[java.lang.AssertionError: expected [acc] but found [abc]
	at com.TestngDemo001.test.ExtentReportDemo003.test001(ExtentReportDemo003.java:39)
... Removed 29 stack frames]]>
    </failure>
  </testcase> <!-- test001 -->
  <testcase name="test002" time="0.0" classname="com.TestngDemo001.test.ExtentReportDemo003"/>
  <testcase name="test003" time="0.001" classname="com.TestngDemo001.test.ExtentReportDemo003">
    <failure type="java.lang.AssertionError" message="expected [abc] but found [abb]">
      <![CDATA[java.lang.AssertionError: expected [abc] but found [abb]
	at com.TestngDemo001.test.ExtentReportDemo003.test003(ExtentReportDemo003.java:49)
... Removed 29 stack frames]]>
    </failure>
  </testcase> <!-- test003 -->
  <testcase name="test004" time="0.001" classname="com.TestngDemo001.test.ExtentReportDemo003"/>
</testsuite> <!-- Test -->
